<?xml version="1.0" encoding="UTF-8"?>
<!-- Generated by org.testng.reporters.JUnitReportReporter -->
<testsuite skipped="0" hostname="DESKTOP-O0R880F" name="testcases.TC01_CheckCreateUser_Post" tests="1" failures="0" timestamp="2023-06-07T18:59:04 AST" time="2.246" errors="0">
  <testcase name="createUserWithValidData" time="2.246" classname="testcases.TC01_CheckCreateUser_Post"/>
  <system-out/>
</testsuite> <!-- testcases.TC01_CheckCreateUser_Post -->
