<?xml version="1.0" encoding="UTF-8"?>
<!-- Generated by org.testng.reporters.JUnitReportReporter -->
<testsuite skipped="0" hostname="DESKTOP-O0R880F" name="testcases.TC04_UpDateUser" tests="1" failures="0" timestamp="2023-06-17T18:08:54 AST" time="0.468" errors="0">
  <testcase name="checkUpDateWithValidCredientials" time="0.468" classname="testcases.TC04_UpDateUser"/>
  <system-out/>
</testsuite> <!-- testcases.TC04_UpDateUser -->
