<?xml version="1.0" encoding="UTF-8"?>
<!-- Generated by org.testng.reporters.JUnitReportReporter -->
<testsuite skipped="0" hostname="DESKTOP-O0R880F" name="testcases.TC05_DeleteUser" tests="1" failures="0" timestamp="2023-06-17T18:08:54 AST" time="0.433" errors="0">
  <testcase name="checkUpDeleteData" time="0.433" classname="testcases.TC05_DeleteUser"/>
  <system-out/>
</testsuite> <!-- testcases.TC05_DeleteUser -->
